<?xml version="1.0" encoding="UTF-8"?>
<!-- Generated by org.testng.reporters.JUnitReportReporter -->
<testsuite hostname="6WG25B3" failures="0" tests="1" name="qa.tests.searchResultsGoogleUsingPropertiesFile" time="7.988" errors="0" timestamp="2024-01-20T19:41:17 CST" skipped="0">
  <testcase classname="qa.tests.searchResultsGoogleUsingPropertiesFile" name="sampleMethodForSearchingResultsGoogleProperties" time="7.988"/>
</testsuite> <!-- qa.tests.searchResultsGoogleUsingPropertiesFile -->
