<?xml version="1.0" encoding="UTF-8"?>
<!-- Generated by org.testng.reporters.JUnitReportReporter -->
<testsuite hostname="6WG25B3" failures="0" tests="1" name="com.qa.base.GoogleSearchTest" time="9.761" errors="0" timestamp="2024-01-19T19:19:29 CST" skipped="0">
  <testcase classname="com.qa.base.GoogleSearchTest" name="openGoogle" time="9.761"/>
  <system-out/>
</testsuite> <!-- com.qa.base.GoogleSearchTest -->
