<?xml version="1.0" encoding="UTF-8"?>
<!-- Generated by org.testng.reporters.JUnitReportReporter -->
<testsuite hostname="6WG25B3" failures="0" tests="1" name="qa.tests.searchResultsGoogle" time="7.694" errors="0" timestamp="2024-01-20T19:40:21 CST" skipped="0">
  <testcase classname="qa.tests.searchResultsGoogle" name="sampleMethodForSearchingResultsGoogle" time="7.694"/>
</testsuite> <!-- qa.tests.searchResultsGoogle -->
