<?xml version="1.0" encoding="UTF-8"?>
<!-- Generated by org.testng.reporters.JUnitReportReporter -->
<testsuite hostname="6WG25B3" failures="0" tests="1" name="qa.tests.searchResultsAsk" time="11.770" errors="0" timestamp="2024-01-20T19:36:59 CST" skipped="0">
  <testcase classname="qa.tests.searchResultsAsk" name="sampleMethodForSearchingResultsAsk" time="11.770"/>
</testsuite> <!-- qa.tests.searchResultsAsk -->
