<?xml version="1.0" encoding="UTF-8"?>
<!-- Generated by org.testng.reporters.JUnitReportReporter -->
<testsuite hostname="6WG25B3" failures="0" tests="1" name="com.qa.base.Project" time="10.968" errors="0" timestamp="2024-01-19T17:30:57 CST" skipped="0">
  <testcase classname="com.qa.base.Project" name="openGoogle" time="10.968"/>
  <system-out/>
</testsuite> <!-- com.qa.base.Project -->
