<?xml version="1.0" encoding="UTF-8"?>
<!-- Generated by org.testng.reporters.JUnitReportReporter -->
<testsuite hostname="6WG25B3" failures="0" tests="1" name="qa.tests.searchResultsYahoo" time="13.334" errors="0" timestamp="2024-01-20T19:56:38 CST" skipped="0">
  <testcase classname="qa.tests.searchResultsYahoo" name="sampleMethodForSearchingResultsYahoo" time="13.334"/>
</testsuite> <!-- qa.tests.searchResultsYahoo -->
